# LeakReport
# from new @ |      size  # Pointer Addr
L   0x403b45          32  # 0x2139960
L   0x403b45          32  # 0x2139a20
L   0x403b45          32  # 0x21399f0
L   0x403b45          32  # 0x2139b60
L   0x403b45          32  # 0x2139a50
L   0x403ac5          48  # 0x2139990
L   0x403b45          32  # 0x2139cd0
L   0x403b45          32  # 0x2139d30
L   0x403b45          32  # 0x2139d00
L   0x403b45          32  # 0x2139fa0
L   0x403b45          32  # 0x213a000
L   0x403b45          32  # 0x2139fd0
L   0x403b45          32  # 0x2139d60
L   0x403b45          32  # 0x2139b90
L   0x403b45          32  # 0x213a060
L   0x403b45          32  # 0x213a0c0
L   0x403b45          32  # 0x213a090
L   0x403b45          32  # 0x213a560
L   0x403b45          32  # 0x213a530
L   0x403b45          32  # 0x213a0f0
L   0x403b45          32  # 0x213a5c0
L   0x403b45          32  # 0x213a620
L   0x403b45          32  # 0x213a5f0
L   0x403b45          32  # 0x213a590
L   0x403b45          32  # 0x213a680
L   0x403b45          32  # 0x213a6e0
L   0x403b45          32  # 0x213a6b0
L   0x403b45          32  # 0x213a740
L   0x403b45          32  # 0x213a7a0
L   0x403b45          32  # 0x213a770
L   0x403b45          32  # 0x213a710
L   0x403b45          32  # 0x213a650
L   0x403b45          32  # 0x213a030
L   0x403b45          32  # 0x213a800
L   0x403b45          32  # 0x213a860
L   0x403b45          32  # 0x213a830
L   0x403b45          32  # 0x213a8c0
L   0x403b45          32  # 0x213a920
L   0x403b45          32  # 0x213a8f0
L   0x403b45          32  # 0x213a890
L   0x403b45          32  # 0x213a980
L   0x403b45          32  # 0x213a9e0
L   0x403b45          32  # 0x213a9b0
L   0x403b45          32  # 0x213aa40
L   0x403b45          32  # 0x213aaa0
L   0x403b45          32  # 0x213aa70
L   0x403b45          32  # 0x213aa10
L   0x403b45          32  # 0x213a950
L   0x403b45          32  # 0x213ab00
L   0x403b45          32  # 0x213ab60
L   0x403b45          32  # 0x213ab30
L   0x403b45          32  # 0x213abc0
L   0x403b45          32  # 0x213ac20
L   0x403b45          32  # 0x213abf0
L   0x403b45          32  # 0x213ab90
L   0x403b45          32  # 0x213ac80
L   0x403b45          32  # 0x213ace0
L   0x403b45          32  # 0x213acb0
L   0x403b45          32  # 0x213ad40
L   0x403b45          32  # 0x213ada0
L   0x403b45          32  # 0x213ad70
L   0x403b45          32  # 0x213ad10
L   0x403b45          32  # 0x213ae00
L   0x403b45          32  # 0x213ae60
L   0x403b45          32  # 0x213ae30
L   0x403b45          32  # 0x213aec0
L   0x403b45          32  # 0x213af20
L   0x403b45          32  # 0x213aef0
L   0x403b45          32  # 0x213af80
L   0x403b45          32  # 0x213afe0
L   0x403b45          32  # 0x213b040
L   0x403b45          32  # 0x213b010
L   0x403b45          32  # 0x213afb0
L   0x403b45          32  # 0x213af50
L   0x403b45          32  # 0x213ae90
L   0x403b45          32  # 0x213b0a0
L   0x403b45          32  # 0x213b100
L   0x403b45          32  # 0x213b0d0
L   0x403b45          32  # 0x213b070
L   0x403b45          32  # 0x213add0
L   0x403b45          32  # 0x213ac50
L   0x403b45          32  # 0x213aad0
L   0x403b45          32  # 0x213a7d0
L   0x403b45          32  # 0x213b160
L   0x403b45          32  # 0x213b1c0
L   0x403b45          32  # 0x213b190
L   0x403b45          32  # 0x213b220
L   0x403b45          32  # 0x213b280
L   0x403b45          32  # 0x213b250
L   0x403b45          32  # 0x213b1f0
L   0x403b45          32  # 0x213b2e0
L   0x403b45          32  # 0x213b340
L   0x403b45          32  # 0x213b310
L   0x403b45          32  # 0x213b3a0
L   0x403b45          32  # 0x213b400
L   0x403b45          32  # 0x213b3d0
L   0x403b45          32  # 0x213b370
L   0x403b45          32  # 0x213b2b0
L   0x403b45          32  # 0x213b460
L   0x403b45          32  # 0x213b4c0
L   0x403b45          32  # 0x213b490
L   0x403b45          32  # 0x213b520
L   0x403b45          32  # 0x213b580
L   0x403b45          32  # 0x213b550
L   0x403b45          32  # 0x213b4f0
L   0x403b45          32  # 0x213b5e0
L   0x403b45          32  # 0x213b640
L   0x403b45          32  # 0x213b610
L   0x403b45          32  # 0x213b6a0
L   0x403b45          32  # 0x213b700
L   0x403b45          32  # 0x213b6d0
L   0x403b45          32  # 0x213b670
L   0x403b45          32  # 0x213b5b0
L   0x403b45          32  # 0x213b430
L   0x403b45          32  # 0x213b130
L   0x403b45          32  # 0x213b760
L   0x403b45          32  # 0x213b7c0
L   0x403b45          32  # 0x213b790
L   0x403b45          32  # 0x213b820
L   0x403b45          32  # 0x213b880
L   0x403b45          32  # 0x213b850
L   0x403b45          32  # 0x213b7f0
L   0x403b45          32  # 0x213b8e0
L   0x403b45          32  # 0x213b940
L   0x403b45          32  # 0x213b910
L   0x403b45          32  # 0x213b9a0
L   0x403b45          32  # 0x213ba00
L   0x403b45          32  # 0x213b9d0
L   0x403b45          32  # 0x213b970
L   0x403b45          32  # 0x213b8b0
L   0x403b45          32  # 0x213bac0
L   0x403ac5          48  # 0x213ba60
L   0x403b45          32  # 0x213bb70
L   0x403b45          32  # 0x213bbd0
L   0x403b45          32  # 0x213bba0
L   0x403b45          32  # 0x213baf0
L   0x403b45          32  # 0x213bc30
L   0x403b45          32  # 0x213bc90
L   0x403b45          32  # 0x213bc60
L   0x403b45          32  # 0x213bcf0
L   0x403b45          32  # 0x213bd50
L   0x403b45          32  # 0x213bd20
L   0x403b45          32  # 0x213bcc0
L   0x403b45          32  # 0x213bc00
L   0x403b45          32  # 0x213ba30
L   0x403b45          32  # 0x213bdb0
L   0x403b45          32  # 0x213be10
L   0x403b45          32  # 0x213bde0
L   0x403b45          32  # 0x213be70
L   0x403b45          32  # 0x213bed0
L   0x403b45          32  # 0x213bea0
L   0x403b45          32  # 0x213be40
L   0x403b45          32  # 0x213bf30
L   0x403b45          32  # 0x213bf90
L   0x403b45          32  # 0x213bf60
L   0x403b45          32  # 0x213bff0
L   0x403b45          32  # 0x213c050
L   0x403b45          32  # 0x213c020
L   0x403b45          32  # 0x213bfc0
L   0x403b45          32  # 0x213bf00
L   0x403b45          32  # 0x213c0b0
L   0x403b45          32  # 0x213c110
L   0x403b45          32  # 0x213c0e0
L   0x403b45          32  # 0x213c170
L   0x403b45          32  # 0x213c1d0
L   0x403b45          32  # 0x213c1a0
L   0x403b45          32  # 0x213c140
L   0x403b45          32  # 0x213c230
L   0x403b45          32  # 0x213c290
L   0x403b45          32  # 0x213c260
L   0x403b45          32  # 0x213c2f0
L   0x403b45          32  # 0x213c350
L   0x403b45          32  # 0x213c320
L   0x403b45          32  # 0x213c2c0
L   0x403b45          32  # 0x213c3b0
L   0x403b45          32  # 0x213c410
L   0x403b45          32  # 0x213c3e0
L   0x403b45          32  # 0x213c470
L   0x403b45          32  # 0x213c4d0
L   0x403b45          32  # 0x213c4a0
L   0x403b45          32  # 0x213c530
L   0x403b45          32  # 0x213c590
L   0x403b45          32  # 0x213c620
L   0x403b45          32  # 0x213c5f0
L   0x403b45          32  # 0x213c5c0
L   0x403b45          32  # 0x213c560
L   0x403b45          32  # 0x213c500
L   0x403b45          32  # 0x213c440
L   0x403b45          32  # 0x213c380
L   0x403b45          32  # 0x213c200
L   0x403b45          32  # 0x213c080
L   0x403b45          32  # 0x213bd80
L   0x403b45          32  # 0x213c680
L   0x403b45          32  # 0x213c6e0
L   0x403b45          32  # 0x213c6b0
L   0x403b45          32  # 0x213c740
L   0x403b45          32  # 0x213c7a0
L   0x403b45          32  # 0x213c770
L   0x403b45          32  # 0x213c710
L   0x403b45          32  # 0x213c800
L   0x403b45          32  # 0x213c860
L   0x403b45          32  # 0x213c830
L   0x403b45          32  # 0x213c8c0
L   0x403b45          32  # 0x213c920
L   0x403b45          32  # 0x213c8f0
L   0x403b45          32  # 0x213c890
L   0x403b45          32  # 0x213c7d0
L   0x403b45          32  # 0x213c980
L   0x403b45          32  # 0x213c9e0
L   0x403b45          32  # 0x213c9b0
L   0x41507d        8192  # 0x213ca40
L   0x403b45          32  # 0x213ea80
L   0x403b45          32  # 0x213ea50
L   0x403b45          32  # 0x213ca10
L   0x403b45          32  # 0x213eae0
L   0x403b45          32  # 0x213eb40
L   0x403b45          32  # 0x213eb10
L   0x403b45          32  # 0x213eba0
L   0x403b45          32  # 0x213ec00
L   0x403b45          32  # 0x213ebd0
L   0x403b45          32  # 0x213eb70
L   0x403b45          32  # 0x213eab0
L   0x403b45          32  # 0x213c950
L   0x403b45          32  # 0x213c650
L   0x403b45          32  # 0x213b730
L   0x403b45          32  # 0x213ec60
L   0x403b45          32  # 0x213ecc0
L   0x403b45          32  # 0x213ec90
L   0x403b45          32  # 0x213ed20
L   0x403b45          32  # 0x213ed80
L   0x403b45          32  # 0x213ed50
L   0x403b45          32  # 0x213ecf0
L   0x403b45          32  # 0x213ede0
L   0x403b45          32  # 0x213ee40
L   0x403b45          32  # 0x213ee10
L   0x403b45          32  # 0x213eea0
L   0x403b45          32  # 0x213ef00
L   0x403b45          32  # 0x213eed0
L   0x403b45          32  # 0x213ee70
L   0x403b45          32  # 0x213edb0
L   0x403b45          32  # 0x213ef60
L   0x403b45          32  # 0x213efc0
L   0x403b45          32  # 0x213ef90
L   0x403b45          32  # 0x213f020
L   0x403b45          32  # 0x213f080
L   0x403b45          32  # 0x213f050
L   0x403b45          32  # 0x213eff0
L   0x403b45          32  # 0x213f0e0
L   0x403b45          32  # 0x213f140
L   0x403b45          32  # 0x213f110
L   0x403b45          32  # 0x213f1a0
L   0x403b45          32  # 0x213f200
L   0x403b45          32  # 0x213f260
L   0x403b45          32  # 0x213f230
L   0x403b45          32  # 0x213f1d0
L   0x403b45          32  # 0x213f170
L   0x403b45          32  # 0x213f0b0
L   0x403b45          32  # 0x213ef30
L   0x403b45          32  # 0x213f2c0
L   0x41507d        4096  # 0x213f320
L   0x403b45          32  # 0x213f2f0
L   0x403b45          32  # 0x2140360
L   0x403b45          32  # 0x21403c0
L   0x403b45          32  # 0x2140390
L   0x403b45          32  # 0x2140330
L   0x403b45          32  # 0x2140420
L   0x403b45          32  # 0x2140480
L   0x403b45          32  # 0x2140450
L   0x403b45          32  # 0x21404e0
L   0x403b45          32  # 0x2140540
L   0x403b45          32  # 0x2140510
L   0x403b45          32  # 0x21404b0
L   0x403b45          32  # 0x21403f0
L   0x403b45          32  # 0x21405a0
L   0x403b45          32  # 0x2140600
L   0x403b45          32  # 0x21405d0
L   0x403b45          32  # 0x2140660
L   0x403b45          32  # 0x2140690
L   0x403b45          32  # 0x2140630
L   0x403b45          32  # 0x2140700
L   0x403b45          32  # 0x2140730
L   0x403b45          32  # 0x2140790
L   0x403b45          32  # 0x2140760
L   0x403b45          32  # 0x21407f0
L   0x403b45          32  # 0x2140850
L   0x403b45          32  # 0x2140820
L   0x403b45          32  # 0x21407c0
L   0x403ac5          48  # 0x21406c0
L   0x403b45          32  # 0x2140570
L   0x403b45          32  # 0x213f290
L   0x403b45          32  # 0x21408b0
L   0x403b45          32  # 0x2140910
L   0x403b45          32  # 0x21408e0
L   0x403b45          32  # 0x2140970
L   0x403b45          32  # 0x21409d0
L   0x403b45          32  # 0x21409a0
L   0x403b45          32  # 0x2140940
L   0x403b45          32  # 0x2140a30
L   0x403b45          32  # 0x2140a90
L   0x403b45          32  # 0x2140a60
L   0x403b45          32  # 0x2140af0
L   0x403b45          32  # 0x2140b50
L   0x403b45          32  # 0x2140b20
L   0x403b45          32  # 0x2140ac0
L   0x403b45          32  # 0x2140a00
L   0x403b45          32  # 0x2140bb0
L   0x403b45          32  # 0x2140c10
L   0x403b45          32  # 0x2140be0
L   0x403b45          32  # 0x2140c70
L   0x403b45          32  # 0x2140cd0
L   0x403b45          32  # 0x2140ca0
L   0x403b45          32  # 0x2140c40
L   0x403b45          32  # 0x2140d30
L   0x403b45          32  # 0x2140d90
L   0x403b45          32  # 0x2140d60
L   0x403b45          32  # 0x2140df0
L   0x403b45          32  # 0x2140e50
L   0x403b45          32  # 0x2140e20
L   0x403b45          32  # 0x2140dc0
L   0x403b45          32  # 0x2140d00
L   0x403b45          32  # 0x2140b80
L   0x403b45          32  # 0x2140eb0
L   0x403b45          32  # 0x2140f10
L   0x403b45          32  # 0x2140ee0
L   0x403b45          32  # 0x2140f70
L   0x403b45          32  # 0x2140fd0
L   0x403b45          32  # 0x2140fa0
L   0x403b45          32  # 0x2140f40
L   0x403b45          32  # 0x2141030
L   0x403b45          32  # 0x2141090
L   0x403b45          32  # 0x2141060
L   0x403b45          32  # 0x21410f0
L   0x403b45          32  # 0x2141150
L   0x403b45          32  # 0x2141120
L   0x403b45          32  # 0x21410c0
L   0x403b45          32  # 0x2141000
L   0x403b45          32  # 0x21411b0
L   0x403b45          32  # 0x2141210
L   0x403b45          32  # 0x21411e0
L   0x403b45          32  # 0x2141270
L   0x403b45          32  # 0x21412d0
L   0x403b45          32  # 0x21412a0
L   0x403b45          32  # 0x2141240
L   0x403b45          32  # 0x2141330
L   0x403b45          32  # 0x2141390
L   0x403b45          32  # 0x2141360
L   0x403b45          32  # 0x21413f0
L   0x403b45          32  # 0x2141450
L   0x403b45          32  # 0x2141420
L   0x403b45          32  # 0x21414b0
L   0x403b45          32  # 0x2141510
L   0x403b45          32  # 0x2141570
L   0x403b45          32  # 0x2141540
L   0x403b45          32  # 0x21414e0
L   0x403b45          32  # 0x2141480
L   0x403b45          32  # 0x21413c0
L   0x403b45          32  # 0x21415d0
L   0x403b45          32  # 0x2141630
L   0x403b45          32  # 0x2141600
L   0x403b45          32  # 0x21415a0
L   0x403b45          32  # 0x2141300
L   0x403b45          32  # 0x2141180
L   0x403b45          32  # 0x2141690
L   0x403b45          32  # 0x21416f0
L   0x403b45          32  # 0x21416c0
L   0x403b45          32  # 0x2141750
L   0x403b45          32  # 0x21417b0
L   0x403b45          32  # 0x2141780
L   0x403b45          32  # 0x2141720
L   0x403b45          32  # 0x2141810
L   0x403b45          32  # 0x2141870
L   0x403b45          32  # 0x2141840
L   0x403b45          32  # 0x21418d0
L   0x403b45          32  # 0x2141930
L   0x403b45          32  # 0x2141900
L   0x403b45          32  # 0x21418a0
L   0x403b45          32  # 0x21417e0
L   0x403b45          32  # 0x2141660
L   0x403b45          32  # 0x2140e80
L   0x403b45          32  # 0x2140880
L   0x403b45          32  # 0x213ec30
L   0x403b45          32  # 0x2141990
L   0x403b45          32  # 0x21419f0
L   0x403b45          32  # 0x21419c0
L   0x403b45          32  # 0x2141a50
L   0x403b45          32  # 0x2141ab0
L   0x403b45          32  # 0x2141a80
L   0x403b45          32  # 0x2141a20
L   0x403b45          32  # 0x2141b10
L   0x403b45          32  # 0x2141b70
L   0x403b45          32  # 0x2141b40
L   0x403b45          32  # 0x2141bd0
L   0x403b45          32  # 0x2141c30
L   0x403b45          32  # 0x2141c00
L   0x403b45          32  # 0x2141ba0
L   0x403b45          32  # 0x2141ae0
L   0x403b45          32  # 0x2141c90
L   0x403b45          32  # 0x2141cf0
L   0x403b45          32  # 0x2141cc0
L   0x403b45          32  # 0x2141d50
L   0x403b45          32  # 0x2141db0
L   0x403b45          32  # 0x2141d80
L   0x403b45          32  # 0x2141d20
L   0x403b45          32  # 0x2141e10
L   0x403b45          32  # 0x2141e70
L   0x403b45          32  # 0x2141e40
L   0x403b45          32  # 0x2141ed0
L   0x403b45          32  # 0x2141f30
L   0x403b45          32  # 0x2141f00
L   0x403b45          32  # 0x2141ea0
L   0x403b45          32  # 0x2141de0
L   0x403b45          32  # 0x2141c60
L   0x403b45          32  # 0x2141f90
L   0x403b45          32  # 0x2141ff0
L   0x403b45          32  # 0x2141fc0
L   0x403b45          32  # 0x2142050
L   0x403b45          32  # 0x21420b0
L   0x403b45          32  # 0x2142080
L   0x403b45          32  # 0x2142020
L   0x403b45          32  # 0x2142110
L   0x403b45          32  # 0x2142170
L   0x403b45          32  # 0x2142140
L   0x403b45          32  # 0x21421d0
L   0x403b45          32  # 0x2142230
L   0x403b45          32  # 0x2142200
L   0x403b45          32  # 0x21421a0
L   0x403b45          32  # 0x21420e0
L   0x403b45          32  # 0x2142290
L   0x403b45          32  # 0x21422f0
L   0x403b45          32  # 0x21422c0
L   0x403b45          32  # 0x2142350
L   0x403b45          32  # 0x21423b0
L   0x403b45          32  # 0x2142380
L   0x403b45          32  # 0x2142320
L   0x403b45          32  # 0x2142410
L   0x403b45          32  # 0x2142470
L   0x403b45          32  # 0x2142440
L   0x403b45          32  # 0x21424d0
L   0x403b45          32  # 0x2142530
L   0x403b45          32  # 0x2142500
L   0x403b45          32  # 0x21424a0
L   0x403b45          32  # 0x21423e0
L   0x403b45          32  # 0x2142260
L   0x403b45          32  # 0x2141f60
L   0x403b45          32  # 0x2142590
L   0x403b45          32  # 0x21425f0
L   0x403b45          32  # 0x21425c0
L   0x403b45          32  # 0x2142650
L   0x403b45          32  # 0x21426b0
L   0x403b45          32  # 0x2142680
L   0x403b45          32  # 0x2142620
L   0x403b45          32  # 0x2142710
L   0x403b45          32  # 0x2142770
L   0x403b45          32  # 0x2142740
L   0x403b45          32  # 0x21427d0
L   0x403b45          32  # 0x2142830
L   0x403b45          32  # 0x2142800
L   0x403b45          32  # 0x21427a0
L   0x403b45          32  # 0x2142890
L   0x403b45          32  # 0x21428f0
L   0x403b45          32  # 0x21428c0
L   0x403b45          32  # 0x2142950
L   0x403b45          32  # 0x21429b0
L   0x403b45          32  # 0x2142980
L   0x403b45          32  # 0x2142a10
L   0x403b45          32  # 0x2142a70
L   0x403b45          32  # 0x2142a40
L   0x403b45          32  # 0x2142ad0
L   0x403b45          32  # 0x2142b30
L   0x403b45          32  # 0x2142b00
L   0x403b45          32  # 0x2142aa0
L   0x403b45          32  # 0x21429e0
L   0x403b45          32  # 0x2142920
L   0x403b45          32  # 0x2142860
L   0x403b45          32  # 0x21426e0
L   0x403b45          32  # 0x2142bb0
L   0x403b45          32  # 0x2142c10
L   0x403b45          32  # 0x2142be0
L   0x403b45          32  # 0x2142c70
L   0x403b45          32  # 0x2142cd0
L   0x403b45          32  # 0x2142ca0
L   0x403b45          32  # 0x2142c40
L   0x403b45          32  # 0x2142d30
L   0x403b45          32  # 0x2142d90
L   0x403b45          32  # 0x2142d60
L   0x403b45          32  # 0x2142df0
L   0x403b45          32  # 0x2142e50
L   0x403b45          32  # 0x2142e20
L   0x403b45          32  # 0x2142dc0
L   0x403b45          32  # 0x2142d00
L   0x403b45          32  # 0x2142b80
L   0x403b45          32  # 0x2142eb0
L   0x403b45          32  # 0x2142f10
L   0x403b45          32  # 0x2142ee0
L   0x403b45          32  # 0x2142f70
L   0x403b45          32  # 0x2142fd0
L   0x403b45          32  # 0x2142fa0
L   0x403b45          32  # 0x2142f40
L   0x403b45          32  # 0x2143030
L   0x403b45          32  # 0x2143090
L   0x403b45          32  # 0x2143060
L   0x403b45          32  # 0x21430f0
L   0x403b45          32  # 0x2143150
L   0x403b45          32  # 0x2143120
L   0x403b45          32  # 0x21430c0
L   0x403b45          32  # 0x2143000
L   0x403b45          32  # 0x21431b0
L   0x403b45          32  # 0x2143210
L   0x403b45          32  # 0x21431e0
L   0x403b45          32  # 0x2143270
L   0x403b45          32  # 0x21432d0
L   0x403b45          32  # 0x21432a0
L   0x403b45          32  # 0x2143240
L   0x403b45          32  # 0x2143330
L   0x403b45          32  # 0x2143390
L   0x403b45          32  # 0x2143360
L   0x403b45          32  # 0x21433f0
L   0x403b45          32  # 0x2143450
L   0x403b45          32  # 0x2143420
L   0x403b45          32  # 0x21433c0
L   0x403b45          32  # 0x2143300
L   0x403b45          32  # 0x2143180
L   0x403b45          32  # 0x2142e80
L   0x403b45          32  # 0x2142560
L   0x403b45          32  # 0x21434b0
L   0x403b45          32  # 0x2143510
L   0x403b45          32  # 0x21434e0
L   0x403b45          32  # 0x2143570
L   0x403b45          32  # 0x21435d0
L   0x403b45          32  # 0x21435a0
L   0x403b45          32  # 0x2143540
L   0x403b45          32  # 0x2143630
L   0x403b45          32  # 0x2143690
L   0x403b45          32  # 0x2143660
L   0x403b45          32  # 0x21436f0
L   0x403b45          32  # 0x2143750
L   0x403b45          32  # 0x2143720
L   0x403b45          32  # 0x21436c0
L   0x403b45          32  # 0x2143600
L   0x403b45          32  # 0x21437b0
L   0x403b45          32  # 0x2143810
L   0x403b45          32  # 0x21437e0
L   0x403b45          32  # 0x2143870
L   0x403b45          32  # 0x21438d0
L   0x403b45          32  # 0x21438a0
L   0x403b45          32  # 0x2143840
L   0x403b45          32  # 0x2143930
L   0x403b45          32  # 0x2143990
L   0x403b45          32  # 0x2143960
L   0x403b45          32  # 0x21439f0
L   0x403b45          32  # 0x2143a50
L   0x403b45          32  # 0x2143a20
L   0x403b45          32  # 0x21439c0
L   0x403b45          32  # 0x2143900
L   0x403b45          32  # 0x2143780
L   0x403b45          32  # 0x2143ab0
L   0x403b45          32  # 0x2143b10
L   0x403b45          32  # 0x2143ae0
L   0x403b45          32  # 0x2143b70
L   0x403b45          32  # 0x2143bd0
L   0x403b45          32  # 0x2143ba0
L   0x403b45          32  # 0x2143b40
L   0x403b45          32  # 0x2143c30
L   0x403b45          32  # 0x2143c90
L   0x403b45          32  # 0x2143c60
L   0x403b45          32  # 0x2143cf0
L   0x403b45          32  # 0x2143d50
L   0x403b45          32  # 0x2143d20
L   0x403b45          32  # 0x2143cc0
L   0x403b45          32  # 0x2143c00
L   0x403b45          32  # 0x2143db0
L   0x403b45          32  # 0x2143e10
L   0x403b45          32  # 0x2143de0
L   0x403b45          32  # 0x2143e70
L   0x403b45          32  # 0x2143ed0
L   0x403b45          32  # 0x2143ea0
L   0x403b45          32  # 0x2143e40
L   0x403b45          32  # 0x2143f30
L   0x403b45          32  # 0x2143f90
L   0x403b45          32  # 0x2143f60
L   0x403b45          32  # 0x2143ff0
L   0x403b45          32  # 0x2144050
L   0x403b45          32  # 0x2144020
L   0x403b45          32  # 0x2143fc0
L   0x403b45          32  # 0x2143f00
L   0x403b45          32  # 0x2143d80
L   0x403b45          32  # 0x2143a80
L   0x403b45          32  # 0x21440b0
L   0x403b45          32  # 0x2144110
L   0x403b45          32  # 0x21440e0
L   0x403b45          32  # 0x2144170
L   0x403b45          32  # 0x21441d0
L   0x403b45          32  # 0x21441a0
L   0x403b45          32  # 0x2144140
L   0x403b45          32  # 0x2144230
L   0x403b45          32  # 0x2144290
L   0x403b45          32  # 0x2144260
L   0x403b45          32  # 0x21442f0
L   0x403b45          32  # 0x2144350
L   0x403b45          32  # 0x2144320
L   0x403b45          32  # 0x21442c0
L   0x403b45          32  # 0x2144200
L   0x403b45          32  # 0x21443b0
L   0x403b45          32  # 0x2144410
L   0x403b45          32  # 0x21443e0
L   0x403b45          32  # 0x2144470
L   0x403b45          32  # 0x21444d0
L   0x403b45          32  # 0x21444a0
L   0x403b45          32  # 0x2144440
L   0x403b45          32  # 0x2144530
L   0x403b45          32  # 0x2144590
L   0x403b45          32  # 0x2144560
L   0x403b45          32  # 0x21445f0
L   0x403b45          32  # 0x2144650
L   0x403b45          32  # 0x2144620
L   0x403b45          32  # 0x21445c0
L   0x403b45          32  # 0x2144500
L   0x403b45          32  # 0x2144380
L   0x403b45          32  # 0x21446b0
L   0x403b45          32  # 0x2144710
L   0x403b45          32  # 0x21446e0
L   0x403b45          32  # 0x2144770
L   0x403b45          32  # 0x21447d0
L   0x403b45          32  # 0x21447a0
L   0x403b45          32  # 0x2144740
L   0x403b45          32  # 0x2144830
L   0x403b45          32  # 0x2144890
L   0x403b45          32  # 0x2144860
L   0x403b45          32  # 0x21448f0
L   0x403b45          32  # 0x2144950
L   0x403b45          32  # 0x2144920
L   0x403b45          32  # 0x21448c0
L   0x403b45          32  # 0x2144800
L   0x403b45          32  # 0x21449b0
L   0x403b45          32  # 0x2144a10
L   0x403b45          32  # 0x21449e0
L   0x403b45          32  # 0x2144a70
L   0x403b45          32  # 0x2144ad0
L   0x403b45          32  # 0x2144aa0
L   0x403b45          32  # 0x2144a40
L   0x403b45          32  # 0x2144b30
L   0x403b45          32  # 0x2144b90
L   0x403b45          32  # 0x2144b60
L   0x403b45          32  # 0x2144bf0
L   0x403b45          32  # 0x2144c50
L   0x403b45          32  # 0x2144c20
L   0x403b45          32  # 0x2144bc0
L   0x403b45          32  # 0x2144cb0
L   0x403b45          32  # 0x2144d10
L   0x403b45          32  # 0x2144ce0
L   0x403b45          32  # 0x2144d70
L   0x403b45          32  # 0x2144dd0
L   0x403b45          32  # 0x2144da0
L   0x403b45          32  # 0x2144e30
L   0x403b45          32  # 0x2144e90
L   0x403b45          32  # 0x2144e60
L   0x403b45          32  # 0x2144ef0
L   0x403b45          32  # 0x2144f50
L   0x403b45          32  # 0x2144f20
L   0x403b45          32  # 0x2144fb0
L   0x403b45          32  # 0x2144f80
L   0x403b45          32  # 0x2144ec0
L   0x403b45          32  # 0x2144e00
L   0x403b45          32  # 0x2144d40
L   0x403b45          32  # 0x2144c80
L   0x403b45          32  # 0x2144b00
L   0x403b45          32  # 0x2144980
L   0x403b45          32  # 0x2144680
L   0x403b45          32  # 0x2145010
L   0x403b45          32  # 0x2145070
L   0x403b45          32  # 0x2145040
L   0x403b45          32  # 0x21450d0
L   0x403b45          32  # 0x2145130
L   0x403b45          32  # 0x2145100
L   0x403b45          32  # 0x21450a0
L   0x403b45          32  # 0x2145190
L   0x403b45          32  # 0x21451f0
L   0x403b45          32  # 0x21451c0
L   0x403b45          32  # 0x2145250
L   0x403b45          32  # 0x21452b0
L   0x403b45          32  # 0x2145280
L   0x403b45          32  # 0x2145220
L   0x403b45          32  # 0x2145160
L   0x403b45          32  # 0x2145310
L   0x403b45          32  # 0x2145370
L   0x403b45          32  # 0x2145340
L   0x403b45          32  # 0x21453d0
L   0x403b45          32  # 0x2145430
L   0x403b45          32  # 0x2145400
L   0x403b45          32  # 0x21453a0
L   0x403b45          32  # 0x2145490
L   0x403b45          32  # 0x21454f0
L   0x403b45          32  # 0x21454c0
L   0x403b45          32  # 0x2145550
L   0x403b45          32  # 0x21455b0
L   0x403b45          32  # 0x2145580
L   0x403b45          32  # 0x2145520
L   0x403b45          32  # 0x2145460
L   0x403b45          32  # 0x21452e0
L   0x403b45          32  # 0x2144fe0
L   0x403b45          32  # 0x2144080
L   0x403b45          32  # 0x2143480
L   0x403b45          32  # 0x2141960
L   0x403b45          32  # 0x2145610
L   0x403b45          32  # 0x2145670
L   0x403b45          32  # 0x2145640
L   0x403b45          32  # 0x21456d0
L   0x403b45          32  # 0x2145730
L   0x403b45          32  # 0x2145700
L   0x403b45          32  # 0x21456a0
L   0x403b45          32  # 0x2145790
L   0x403b45          32  # 0x21457f0
L   0x403b45          32  # 0x21457c0
L   0x403b45          32  # 0x2145850
L   0x403b45          32  # 0x21458b0
L   0x403b45          32  # 0x2145880
L   0x403b45          32  # 0x2145820
L   0x403b45          32  # 0x2145760
L   0x403b45          32  # 0x2145910
L   0x403b45          32  # 0x2145970
L   0x403b45          32  # 0x2145940
L   0x403b45          32  # 0x21459d0
L   0x403b45          32  # 0x2145a30
L   0x403b45          32  # 0x2145a00
L   0x403b45          32  # 0x21459a0
L   0x403b45          32  # 0x2145a90
L   0x403b45          32  # 0x2145af0
L   0x403b45          32  # 0x2145ac0
L   0x403b45          32  # 0x2145b50
L   0x403b45          32  # 0x2145bb0
L   0x403b45          32  # 0x2145b80
L   0x403b45          32  # 0x2145b20
L   0x403b45          32  # 0x2145a60
L   0x403b45          32  # 0x21458e0
L   0x403b45          32  # 0x2145c10
L   0x403b45          32  # 0x2145c70
L   0x403b45          32  # 0x2145c40
L   0x403b45          32  # 0x2145cd0
L   0x403b45          32  # 0x2145d30
L   0x403b45          32  # 0x2145d00
L   0x403b45          32  # 0x2145ca0
L   0x403b45          32  # 0x2145d90
L   0x403b45          32  # 0x2145df0
L   0x403b45          32  # 0x2145dc0
L   0x403b45          32  # 0x2145e50
L   0x403b45          32  # 0x2145eb0
L   0x403b45          32  # 0x2145e80
L   0x403b45          32  # 0x2145e20
L   0x403b45          32  # 0x2145d60
L   0x403b45          32  # 0x2145f10
L   0x403b45          32  # 0x2145f70
L   0x403b45          32  # 0x2145f40
L   0x403b45          32  # 0x2145fd0
L   0x403b45          32  # 0x2146030
L   0x403b45          32  # 0x2146000
L   0x403b45          32  # 0x2145fa0
L   0x403b45          32  # 0x2146090
L   0x403b45          32  # 0x21460f0
L   0x403b45          32  # 0x21460c0
L   0x403b45          32  # 0x2146150
L   0x403b45          32  # 0x21461b0
L   0x403b45          32  # 0x2146180
L   0x403b45          32  # 0x2146120
L   0x403b45          32  # 0x2146060
L   0x403b45          32  # 0x2145ee0
L   0x403b45          32  # 0x2145be0
L   0x403b45          32  # 0x2146210
L   0x403b45          32  # 0x2146270
L   0x403b45          32  # 0x2146240
L   0x403b45          32  # 0x21462d0
L   0x403b45          32  # 0x2146330
L   0x403b45          32  # 0x2146300
L   0x403b45          32  # 0x21462a0
L   0x403b45          32  # 0x2146390
L   0x403b45          32  # 0x21463f0
L   0x403b45          32  # 0x21463c0
L   0x403b45          32  # 0x2146450
L   0x403b45          32  # 0x21464b0
L   0x403b45          32  # 0x2146480
L   0x403b45          32  # 0x2146420
L   0x403b45          32  # 0x2146360
L   0x403b45          32  # 0x2146510
L   0x403b45          32  # 0x2146570
L   0x403b45          32  # 0x2146540
L   0x403b45          32  # 0x21465d0
L   0x403b45          32  # 0x2146630
L   0x403b45          32  # 0x2146600
L   0x403b45          32  # 0x21465a0
L   0x403b45          32  # 0x2146690
L   0x403b45          32  # 0x21466f0
L   0x403b45          32  # 0x21466c0
L   0x403b45          32  # 0x2146750
L   0x403b45          32  # 0x21467b0
L   0x403b45          32  # 0x2146780
L   0x403b45          32  # 0x2146720
L   0x403b45          32  # 0x2146660
L   0x403b45          32  # 0x21464e0
L   0x403b45          32  # 0x2146810
L   0x403b45          32  # 0x2146870
L   0x403b45          32  # 0x2146840
L   0x403b45          32  # 0x21468d0
L   0x403b45          32  # 0x2146930
L   0x403b45          32  # 0x2146900
L   0x403b45          32  # 0x21468a0
L   0x403b45          32  # 0x2146990
L   0x403b45          32  # 0x21469f0
L   0x403b45          32  # 0x21469c0
L   0x403b45          32  # 0x2146a50
L   0x403b45          32  # 0x2146ab0
L   0x403b45          32  # 0x2146a80
L   0x403b45          32  # 0x2146a20
L   0x403b45          32  # 0x2146960
L   0x403b45          32  # 0x2146b10
L   0x403b45          32  # 0x2146b70
L   0x403b45          32  # 0x2146b40
L   0x403b45          32  # 0x2146bd0
L   0x403b45          32  # 0x2146c30
L   0x403b45          32  # 0x2146c00
L   0x403b45          32  # 0x2146ba0
L   0x403b45          32  # 0x2146c90
L   0x403b45          32  # 0x2146cf0
L   0x403b45          32  # 0x2146cc0
L   0x403b45          32  # 0x2146d50
L   0x403b45          32  # 0x2146db0
L   0x403b45          32  # 0x2146d80
L   0x403b45          32  # 0x2146d20
L   0x403b45          32  # 0x2146c60
L   0x403b45          32  # 0x2146ae0
L   0x403b45          32  # 0x21467e0
L   0x403b45          32  # 0x21461e0
L   0x403b45          32  # 0x2146e10
L   0x403b45          32  # 0x2146e70
L   0x403b45          32  # 0x2146e40
L   0x403b45          32  # 0x2146ed0
L   0x403b45          32  # 0x2146f30
L   0x403b45          32  # 0x2146f00
L   0x403b45          32  # 0x2146ea0
L   0x403b45          32  # 0x2146f90
L   0x403b45          32  # 0x2146ff0
L   0x403b45          32  # 0x2146fc0
L   0x403b45          32  # 0x2147050
L   0x403b45          32  # 0x21470b0
L   0x403b45          32  # 0x2147080
L   0x403b45          32  # 0x2147020
L   0x403b45          32  # 0x2146f60
L   0x403b45          32  # 0x2147110
L   0x403b45          32  # 0x2147170
L   0x403b45          32  # 0x2147140
L   0x403b45          32  # 0x21471d0
L   0x403b45          32  # 0x2147230
L   0x403b45          32  # 0x2147200
L   0x403b45          32  # 0x21471a0
L   0x403b45          32  # 0x2147290
L   0x403b45          32  # 0x21472f0
L   0x403b45          32  # 0x21472c0
L   0x403b45          32  # 0x2147350
L   0x403b45          32  # 0x21473b0
L   0x403b45          32  # 0x2147380
L   0x403b45          32  # 0x2147320
L   0x403b45          32  # 0x2147260
L   0x403b45          32  # 0x21470e0
L   0x403b45          32  # 0x2147410
L   0x403b45          32  # 0x2147470
L   0x403b45          32  # 0x2147440
L   0x403b45          32  # 0x21474d0
L   0x403b45          32  # 0x2147530
L   0x403b45          32  # 0x2147500
L   0x403b45          32  # 0x21474a0
L   0x403b45          32  # 0x2147590
L   0x403b45          32  # 0x21475f0
L   0x403b45          32  # 0x21475c0
L   0x403b45          32  # 0x2147650
L   0x403b45          32  # 0x21476b0
L   0x403b45          32  # 0x2147680
L   0x403b45          32  # 0x2147620
L   0x403b45          32  # 0x2147560
L   0x403b45          32  # 0x2147710
L   0x403b45          32  # 0x2147770
L   0x403b45          32  # 0x2147740
L   0x403b45          32  # 0x21477d0
L   0x403b45          32  # 0x2147830
L   0x403b45          32  # 0x2147800
L   0x403b45          32  # 0x21477a0
L   0x403b45          32  # 0x2147890
L   0x403b45          32  # 0x21478f0
L   0x403b45          32  # 0x21478c0
L   0x403b45          32  # 0x2147950
L   0x403b45          32  # 0x21479b0
L   0x403b45          32  # 0x2147980
L   0x403b45          32  # 0x2147920
L   0x403b45          32  # 0x2147860
L   0x403b45          32  # 0x21476e0
L   0x403b45          32  # 0x21473e0
L   0x403b45          32  # 0x2147a10
L   0x403b45          32  # 0x2147a70
L   0x403b45          32  # 0x2147a40
L   0x403b45          32  # 0x2147ad0
L   0x403b45          32  # 0x2147b30
L   0x403b45          32  # 0x2147b00
L   0x403b45          32  # 0x2147aa0
L   0x403b45          32  # 0x2147b90
L   0x403b45          32  # 0x2147bf0
L   0x403b45          32  # 0x2147bc0
L   0x403b45          32  # 0x2147c50
L   0x403b45          32  # 0x2147cb0
L   0x403b45          32  # 0x2147c80
L   0x403b45          32  # 0x2147c20
L   0x403b45          32  # 0x2147b60
L   0x403b45          32  # 0x2147d10
L   0x403b45          32  # 0x2147d70
L   0x403b45          32  # 0x2147d40
L   0x403b45          32  # 0x2147dd0
L   0x403b45          32  # 0x2147e30
L   0x403b45          32  # 0x2147e00
L   0x403b45          32  # 0x2147da0
L   0x403b45          32  # 0x2147e90
L   0x403b45          32  # 0x2147ef0
L   0x403b45          32  # 0x2147ec0
L   0x403b45          32  # 0x2147f50
L   0x403b45          32  # 0x2147fb0
L   0x403b45          32  # 0x2147f80
L   0x403b45          32  # 0x2147f20
L   0x403b45          32  # 0x2147e60
L   0x403b45          32  # 0x2147ce0
L   0x403b45          32  # 0x2148010
L   0x403b45          32  # 0x2148070
L   0x403b45          32  # 0x2148040
L   0x403b45          32  # 0x21480d0
L   0x403b45          32  # 0x2148130
L   0x403b45          32  # 0x2148100
L   0x403b45          32  # 0x21480a0
L   0x403b45          32  # 0x2148190
L   0x403b45          32  # 0x21481f0
L   0x403b45          32  # 0x21481c0
L   0x403b45          32  # 0x2148250
L   0x403b45          32  # 0x21482b0
L   0x403b45          32  # 0x2148280
L   0x403b45          32  # 0x2148220
L   0x403b45          32  # 0x2148160
L   0x403b45          32  # 0x2148310
L   0x403b45          32  # 0x2148370
L   0x403b45          32  # 0x2148340
L   0x403b45          32  # 0x21483d0
L   0x403b45          32  # 0x2148430
L   0x403b45          32  # 0x2148400
L   0x403b45          32  # 0x21483a0
L   0x403b45          32  # 0x2148490
L   0x403b45          32  # 0x21484f0
L   0x403b45          32  # 0x21484c0
L   0x403b45          32  # 0x2148550
L   0x403b45          32  # 0x21485b0
L   0x403b45          32  # 0x2148580
L   0x403b45          32  # 0x2148520
L   0x403b45          32  # 0x2148460
L   0x403b45          32  # 0x21482e0
L   0x403b45          32  # 0x2147fe0
L   0x403b45          32  # 0x2148610
L   0x403b45          32  # 0x2148670
L   0x403b45          32  # 0x2148640
L   0x403b45          32  # 0x21486d0
L   0x403b45          32  # 0x2148730
L   0x403b45          32  # 0x2148700
L   0x403b45          32  # 0x21486a0
L   0x403b45          32  # 0x2148790
L   0x403b45          32  # 0x21487f0
L   0x403b45          32  # 0x21487c0
L   0x403b45          32  # 0x2148850
L   0x403b45          32  # 0x21488b0
L   0x403b45          32  # 0x2148880
L   0x403b45          32  # 0x2148820
L   0x403b45          32  # 0x2148760
L   0x403b45          32  # 0x2148910
L   0x403b45          32  # 0x2148970
L   0x403b45          32  # 0x2148940
L   0x403b45          32  # 0x21489d0
L   0x403b45          32  # 0x2148a30
L   0x403b45          32  # 0x2148a00
L   0x403b45          32  # 0x21489a0
L   0x403b45          32  # 0x2148a90
L   0x403b45          32  # 0x2148af0
L   0x403b45          32  # 0x2148ac0
L   0x403b45          32  # 0x2148b50
L   0x403b45          32  # 0x2148bb0
L   0x403b45          32  # 0x2148b80
L   0x403b45          32  # 0x2148b20
L   0x403b45          32  # 0x2148a60
L   0x403b45          32  # 0x21488e0
L   0x403b45          32  # 0x2148c10
L   0x403b45          32  # 0x2148c70
L   0x403b45          32  # 0x2148c40
L   0x403b45          32  # 0x2148cd0
L   0x403b45          32  # 0x2148d30
L   0x403b45          32  # 0x2148d00
L   0x403b45          32  # 0x2148ca0
L   0x403b45          32  # 0x2148d90
L   0x403b45          32  # 0x2148df0
L   0x403b45          32  # 0x2148dc0
L   0x403b45          32  # 0x2148e50
L   0x403b45          32  # 0x2148eb0
L   0x403b45          32  # 0x2148e80
L   0x403b45          32  # 0x2148e20
# Only first 1001 leaks reported
# total allocation requests:  22247 ; max. mem used 1368 kBytes
# leak 276640 Bytes	:-(
# .. that is 270 kByte!! A lot ..
WORK TIME - 00:00:23.12
